0 info it worked if it ends with ok
1 verbose cli [ '/usr/local/bin/node',
1 verbose cli   '/usr/local/bin/npm',
1 verbose cli   'install',
1 verbose cli   'xml2json' ]
2 info using npm@3.10.10
3 info using node@v6.10.2
4 silly loadCurrentTree Starting
5 silly install loadCurrentTree
6 silly install readLocalPackageData
7 silly fetchPackageMetaData xml2json
8 silly fetchNamedPackageData xml2json
9 silly mapToRegistry name xml2json
10 silly mapToRegistry using default registry
11 silly mapToRegistry registry https://registry.npmjs.org/
12 silly mapToRegistry data Result {
12 silly mapToRegistry   raw: 'xml2json',
12 silly mapToRegistry   scope: null,
12 silly mapToRegistry   escapedName: 'xml2json',
12 silly mapToRegistry   name: 'xml2json',
12 silly mapToRegistry   rawSpec: '',
12 silly mapToRegistry   spec: 'latest',
12 silly mapToRegistry   type: 'tag' }
13 silly mapToRegistry uri https://registry.npmjs.org/xml2json
14 verbose request uri https://registry.npmjs.org/xml2json
15 verbose request no auth needed
16 info attempt registry request try #1 at 8:16:03 PM
17 verbose request id c1f89f29617a55da
18 verbose etag W/"59434552-a399"
19 verbose lastModified Fri, 16 Jun 2017 02:41:22 GMT
20 http request GET https://registry.npmjs.org/xml2json
21 http 304 https://registry.npmjs.org/xml2json
22 verbose headers { date: 'Tue, 10 Oct 2017 00:16:03 GMT',
22 verbose headers   via: '1.1 varnish',
22 verbose headers   'cache-control': 'max-age=300',
22 verbose headers   etag: 'W/"59434552-a399"',
22 verbose headers   age: '0',
22 verbose headers   connection: 'keep-alive',
22 verbose headers   'x-served-by': 'cache-ord1728-ORD',
22 verbose headers   'x-cache': 'HIT',
22 verbose headers   'x-cache-hits': '1',
22 verbose headers   'x-timer': 'S1507594564.733849,VS0,VE65',
22 verbose headers   vary: 'Accept-Encoding, Accept' }
23 silly get cb [ 304,
23 silly get   { date: 'Tue, 10 Oct 2017 00:16:03 GMT',
23 silly get     via: '1.1 varnish',
23 silly get     'cache-control': 'max-age=300',
23 silly get     etag: 'W/"59434552-a399"',
23 silly get     age: '0',
23 silly get     connection: 'keep-alive',
23 silly get     'x-served-by': 'cache-ord1728-ORD',
23 silly get     'x-cache': 'HIT',
23 silly get     'x-cache-hits': '1',
23 silly get     'x-timer': 'S1507594564.733849,VS0,VE65',
23 silly get     vary: 'Accept-Encoding, Accept' } ]
24 verbose etag https://registry.npmjs.org/xml2json from cache
25 verbose get saving xml2json to /Users/davidhaas/.npm/registry.npmjs.org/xml2json/.cache.json
26 verbose correctMkdir /Users/davidhaas/.npm correctMkdir not in flight; initializing
27 silly install normalizeTree
28 silly loadCurrentTree Finishing
29 silly loadIdealTree Starting
30 silly install loadIdealTree
31 silly cloneCurrentTree Starting
32 silly install cloneCurrentTreeToIdealTree
33 silly cloneCurrentTree Finishing
34 silly loadShrinkwrap Starting
35 silly install loadShrinkwrap
36 silly loadShrinkwrap Finishing
37 silly loadAllDepsIntoIdealTree Starting
38 silly install loadAllDepsIntoIdealTree
39 silly resolveWithNewModule xml2json@0.11.0 checking installable status
40 silly cache add args [ 'xml2json', null ]
41 verbose cache add spec xml2json
42 silly cache add parsed spec Result {
42 silly cache add   raw: 'xml2json',
42 silly cache add   scope: null,
42 silly cache add   escapedName: 'xml2json',
42 silly cache add   name: 'xml2json',
42 silly cache add   rawSpec: '',
42 silly cache add   spec: 'latest',
42 silly cache add   type: 'tag' }
43 silly addNamed xml2json@latest
44 verbose addNamed "latest" is being treated as a dist-tag for xml2json
45 info addNameTag [ 'xml2json', 'latest' ]
46 silly mapToRegistry name xml2json
47 silly mapToRegistry using default registry
48 silly mapToRegistry registry https://registry.npmjs.org/
49 silly mapToRegistry data Result {
49 silly mapToRegistry   raw: 'xml2json',
49 silly mapToRegistry   scope: null,
49 silly mapToRegistry   escapedName: 'xml2json',
49 silly mapToRegistry   name: 'xml2json',
49 silly mapToRegistry   rawSpec: '',
49 silly mapToRegistry   spec: 'latest',
49 silly mapToRegistry   type: 'tag' }
50 silly mapToRegistry uri https://registry.npmjs.org/xml2json
51 verbose addNameTag registry:https://registry.npmjs.org/xml2json not in flight; fetching
52 verbose get https://registry.npmjs.org/xml2json not expired, no request
53 silly addNameTag next cb for xml2json with tag latest
54 silly addNamed xml2json@0.11.0
55 verbose addNamed "0.11.0" is a plain semver version for xml2json
56 silly cache afterAdd xml2json@0.11.0
57 verbose afterAdd /Users/davidhaas/.npm/xml2json/0.11.0/package/package.json not in flight; writing
58 verbose correctMkdir /Users/davidhaas/.npm correctMkdir not in flight; initializing
59 verbose afterAdd /Users/davidhaas/.npm/xml2json/0.11.0/package/package.json written
60 silly fetchNamedPackageData node-expat
61 silly mapToRegistry name node-expat
62 silly mapToRegistry using default registry
63 silly mapToRegistry registry https://registry.npmjs.org/
64 silly mapToRegistry data Result {
64 silly mapToRegistry   raw: 'node-expat',
64 silly mapToRegistry   scope: null,
64 silly mapToRegistry   escapedName: 'node-expat',
64 silly mapToRegistry   name: 'node-expat',
64 silly mapToRegistry   rawSpec: '',
64 silly mapToRegistry   spec: 'latest',
64 silly mapToRegistry   type: 'tag' }
65 silly mapToRegistry uri https://registry.npmjs.org/node-expat
66 verbose request uri https://registry.npmjs.org/node-expat
67 verbose request no auth needed
68 info attempt registry request try #1 at 8:16:03 PM
69 verbose etag W/"595d50c1-104e9"
70 verbose lastModified Wed, 05 Jul 2017 20:49:05 GMT
71 http request GET https://registry.npmjs.org/node-expat
72 http 304 https://registry.npmjs.org/node-expat
73 verbose headers { date: 'Tue, 10 Oct 2017 00:16:03 GMT',
73 verbose headers   via: '1.1 varnish',
73 verbose headers   'cache-control': 'max-age=300',
73 verbose headers   etag: 'W/"595d50c1-104e9"',
73 verbose headers   age: '0',
73 verbose headers   connection: 'keep-alive',
73 verbose headers   'x-served-by': 'cache-ord1728-ORD',
73 verbose headers   'x-cache': 'HIT',
73 verbose headers   'x-cache-hits': '1',
73 verbose headers   'x-timer': 'S1507594564.892615,VS0,VE19',
73 verbose headers   vary: 'Accept-Encoding, Accept' }
74 silly get cb [ 304,
74 silly get   { date: 'Tue, 10 Oct 2017 00:16:03 GMT',
74 silly get     via: '1.1 varnish',
74 silly get     'cache-control': 'max-age=300',
74 silly get     etag: 'W/"595d50c1-104e9"',
74 silly get     age: '0',
74 silly get     connection: 'keep-alive',
74 silly get     'x-served-by': 'cache-ord1728-ORD',
74 silly get     'x-cache': 'HIT',
74 silly get     'x-cache-hits': '1',
74 silly get     'x-timer': 'S1507594564.892615,VS0,VE19',
74 silly get     vary: 'Accept-Encoding, Accept' } ]
75 verbose etag https://registry.npmjs.org/node-expat from cache
76 verbose get saving node-expat to /Users/davidhaas/.npm/registry.npmjs.org/node-expat/.cache.json
77 verbose correctMkdir /Users/davidhaas/.npm correctMkdir not in flight; initializing
78 silly resolveWithNewModule node-expat@2.3.16 checking installable status
79 silly cache add args [ 'node-expat@^2.3.15', null ]
80 verbose cache add spec node-expat@^2.3.15
81 silly cache add parsed spec Result {
81 silly cache add   raw: 'node-expat@^2.3.15',
81 silly cache add   scope: null,
81 silly cache add   escapedName: 'node-expat',
81 silly cache add   name: 'node-expat',
81 silly cache add   rawSpec: '^2.3.15',
81 silly cache add   spec: '>=2.3.15 <3.0.0',
81 silly cache add   type: 'range' }
82 silly addNamed node-expat@>=2.3.15 <3.0.0
83 verbose addNamed ">=2.3.15 <3.0.0" is a valid semver range for node-expat
84 silly addNameRange { name: 'node-expat', range: '>=2.3.15 <3.0.0', hasData: false }
85 silly mapToRegistry name node-expat
86 silly mapToRegistry using default registry
87 silly mapToRegistry registry https://registry.npmjs.org/
88 silly mapToRegistry data Result {
88 silly mapToRegistry   raw: 'node-expat',
88 silly mapToRegistry   scope: null,
88 silly mapToRegistry   escapedName: 'node-expat',
88 silly mapToRegistry   name: 'node-expat',
88 silly mapToRegistry   rawSpec: '',
88 silly mapToRegistry   spec: 'latest',
88 silly mapToRegistry   type: 'tag' }
89 silly mapToRegistry uri https://registry.npmjs.org/node-expat
90 verbose addNameRange registry:https://registry.npmjs.org/node-expat not in flight; fetching
91 verbose get https://registry.npmjs.org/node-expat not expired, no request
92 silly addNameRange number 2 { name: 'node-expat', range: '>=2.3.15 <3.0.0', hasData: true }
93 silly addNameRange versions [ 'node-expat',
93 silly addNameRange   [ '0.0.4',
93 silly addNameRange     '0.0.5',
93 silly addNameRange     '0.0.6',
93 silly addNameRange     '1.0.0',
93 silly addNameRange     '1.0.1',
93 silly addNameRange     '1.1.0',
93 silly addNameRange     '1.1.1',
93 silly addNameRange     '1.2.0',
93 silly addNameRange     '1.3.0',
93 silly addNameRange     '1.3.1',
93 silly addNameRange     '1.3.2',
93 silly addNameRange     '1.4.0',
93 silly addNameRange     '1.4.1',
93 silly addNameRange     '1.4.2',
93 silly addNameRange     '1.4.3',
93 silly addNameRange     '1.4.4',
93 silly addNameRange     '1.4.5',
93 silly addNameRange     '1.5.0',
93 silly addNameRange     '1.6.0',
93 silly addNameRange     '1.6.1',
93 silly addNameRange     '2.0.0',
93 silly addNameRange     '2.1.0',
93 silly addNameRange     '2.1.1',
93 silly addNameRange     '2.1.2',
93 silly addNameRange     '2.1.3',
93 silly addNameRange     '2.1.4',
93 silly addNameRange     '2.2.0',
93 silly addNameRange     '2.3.0',
93 silly addNameRange     '2.3.1',
93 silly addNameRange     '2.3.2',
93 silly addNameRange     '2.3.3',
93 silly addNameRange     '2.3.4',
93 silly addNameRange     '2.3.5',
93 silly addNameRange     '2.3.6',
93 silly addNameRange     '2.3.7',
93 silly addNameRange     '2.3.8',
93 silly addNameRange     '2.3.9',
93 silly addNameRange     '2.3.10',
93 silly addNameRange     '2.3.11',
93 silly addNameRange     '2.3.12',
93 silly addNameRange     '2.3.13',
93 silly addNameRange     '2.3.14',
93 silly addNameRange     '2.3.15',
93 silly addNameRange     '2.3.16' ] ]
94 silly addNamed node-expat@2.3.16
95 verbose addNamed "2.3.16" is a plain semver version for node-expat
96 silly cache afterAdd node-expat@2.3.16
97 verbose afterAdd /Users/davidhaas/.npm/node-expat/2.3.16/package/package.json not in flight; writing
98 verbose correctMkdir /Users/davidhaas/.npm correctMkdir not in flight; initializing
99 verbose afterAdd /Users/davidhaas/.npm/node-expat/2.3.16/package/package.json written
100 silly fetchNamedPackageData bindings
101 silly mapToRegistry name bindings
102 silly mapToRegistry using default registry
103 silly mapToRegistry registry https://registry.npmjs.org/
104 silly mapToRegistry data Result {
104 silly mapToRegistry   raw: 'bindings',
104 silly mapToRegistry   scope: null,
104 silly mapToRegistry   escapedName: 'bindings',
104 silly mapToRegistry   name: 'bindings',
104 silly mapToRegistry   rawSpec: '',
104 silly mapToRegistry   spec: 'latest',
104 silly mapToRegistry   type: 'tag' }
105 silly mapToRegistry uri https://registry.npmjs.org/bindings
106 silly fetchNamedPackageData nan
107 silly mapToRegistry name nan
108 silly mapToRegistry using default registry
109 silly mapToRegistry registry https://registry.npmjs.org/
110 silly mapToRegistry data Result {
110 silly mapToRegistry   raw: 'nan',
110 silly mapToRegistry   scope: null,
110 silly mapToRegistry   escapedName: 'nan',
110 silly mapToRegistry   name: 'nan',
110 silly mapToRegistry   rawSpec: '',
110 silly mapToRegistry   spec: 'latest',
110 silly mapToRegistry   type: 'tag' }
111 silly mapToRegistry uri https://registry.npmjs.org/nan
112 verbose request uri https://registry.npmjs.org/bindings
113 verbose request no auth needed
114 info attempt registry request try #1 at 8:16:03 PM
115 verbose etag W/"59b28ad4-4c18"
116 verbose lastModified Fri, 08 Sep 2017 12:19:32 GMT
117 http request GET https://registry.npmjs.org/bindings
118 verbose request uri https://registry.npmjs.org/nan
119 verbose request no auth needed
120 info attempt registry request try #1 at 8:16:03 PM
121 verbose etag W/"59c33594-20237"
122 verbose lastModified Thu, 21 Sep 2017 03:44:20 GMT
123 http request GET https://registry.npmjs.org/nan
124 http 304 https://registry.npmjs.org/bindings
125 verbose headers { date: 'Tue, 10 Oct 2017 00:16:03 GMT',
125 verbose headers   via: '1.1 varnish',
125 verbose headers   'cache-control': 'max-age=300',
125 verbose headers   etag: 'W/"59b28ad4-4c18"',
125 verbose headers   age: '214',
125 verbose headers   connection: 'keep-alive',
125 verbose headers   'x-served-by': 'cache-ord1728-ORD',
125 verbose headers   'x-cache': 'HIT',
125 verbose headers   'x-cache-hits': '1',
125 verbose headers   'x-timer': 'S1507594564.998422,VS0,VE1',
125 verbose headers   vary: 'Accept-Encoding, Accept' }
126 silly get cb [ 304,
126 silly get   { date: 'Tue, 10 Oct 2017 00:16:03 GMT',
126 silly get     via: '1.1 varnish',
126 silly get     'cache-control': 'max-age=300',
126 silly get     etag: 'W/"59b28ad4-4c18"',
126 silly get     age: '214',
126 silly get     connection: 'keep-alive',
126 silly get     'x-served-by': 'cache-ord1728-ORD',
126 silly get     'x-cache': 'HIT',
126 silly get     'x-cache-hits': '1',
126 silly get     'x-timer': 'S1507594564.998422,VS0,VE1',
126 silly get     vary: 'Accept-Encoding, Accept' } ]
127 verbose etag https://registry.npmjs.org/bindings from cache
128 verbose get saving bindings to /Users/davidhaas/.npm/registry.npmjs.org/bindings/.cache.json
129 verbose correctMkdir /Users/davidhaas/.npm correctMkdir not in flight; initializing
130 silly resolveWithNewModule bindings@1.3.0 checking installable status
131 silly cache add args [ 'bindings@^1.2.1', null ]
132 verbose cache add spec bindings@^1.2.1
133 silly cache add parsed spec Result {
133 silly cache add   raw: 'bindings@^1.2.1',
133 silly cache add   scope: null,
133 silly cache add   escapedName: 'bindings',
133 silly cache add   name: 'bindings',
133 silly cache add   rawSpec: '^1.2.1',
133 silly cache add   spec: '>=1.2.1 <2.0.0',
133 silly cache add   type: 'range' }
134 silly addNamed bindings@>=1.2.1 <2.0.0
135 verbose addNamed ">=1.2.1 <2.0.0" is a valid semver range for bindings
136 silly addNameRange { name: 'bindings', range: '>=1.2.1 <2.0.0', hasData: false }
137 silly mapToRegistry name bindings
138 silly mapToRegistry using default registry
139 silly mapToRegistry registry https://registry.npmjs.org/
140 silly mapToRegistry data Result {
140 silly mapToRegistry   raw: 'bindings',
140 silly mapToRegistry   scope: null,
140 silly mapToRegistry   escapedName: 'bindings',
140 silly mapToRegistry   name: 'bindings',
140 silly mapToRegistry   rawSpec: '',
140 silly mapToRegistry   spec: 'latest',
140 silly mapToRegistry   type: 'tag' }
141 silly mapToRegistry uri https://registry.npmjs.org/bindings
142 verbose addNameRange registry:https://registry.npmjs.org/bindings not in flight; fetching
143 verbose get https://registry.npmjs.org/bindings not expired, no request
144 silly addNameRange number 2 { name: 'bindings', range: '>=1.2.1 <2.0.0', hasData: true }
145 silly addNameRange versions [ 'bindings',
145 silly addNameRange   [ '0.0.1',
145 silly addNameRange     '0.1.0',
145 silly addNameRange     '0.1.1',
145 silly addNameRange     '0.2.0',
145 silly addNameRange     '0.2.1',
145 silly addNameRange     '0.2.2',
145 silly addNameRange     '0.2.3',
145 silly addNameRange     '0.2.4',
145 silly addNameRange     '0.3.0',
145 silly addNameRange     '0.4.0',
145 silly addNameRange     '1.0.0',
145 silly addNameRange     '1.1.0',
145 silly addNameRange     '1.1.1',
145 silly addNameRange     '1.2.0',
145 silly addNameRange     '1.2.1',
145 silly addNameRange     '1.3.0' ] ]
146 silly addNamed bindings@1.3.0
147 verbose addNamed "1.3.0" is a plain semver version for bindings
148 silly cache afterAdd bindings@1.3.0
149 verbose afterAdd /Users/davidhaas/.npm/bindings/1.3.0/package/package.json not in flight; writing
150 verbose correctMkdir /Users/davidhaas/.npm correctMkdir not in flight; initializing
151 verbose afterAdd /Users/davidhaas/.npm/bindings/1.3.0/package/package.json written
152 http 304 https://registry.npmjs.org/nan
153 verbose headers { date: 'Tue, 10 Oct 2017 00:16:04 GMT',
153 verbose headers   via: '1.1 varnish',
153 verbose headers   'cache-control': 'max-age=300',
153 verbose headers   etag: 'W/"59c33594-20237"',
153 verbose headers   age: '95',
153 verbose headers   connection: 'keep-alive',
153 verbose headers   'x-served-by': 'cache-ord1727-ORD',
153 verbose headers   'x-cache': 'HIT',
153 verbose headers   'x-cache-hits': '1',
153 verbose headers   'x-timer': 'S1507594564.022130,VS0,VE0',
153 verbose headers   vary: 'Accept-Encoding, Accept' }
154 silly get cb [ 304,
154 silly get   { date: 'Tue, 10 Oct 2017 00:16:04 GMT',
154 silly get     via: '1.1 varnish',
154 silly get     'cache-control': 'max-age=300',
154 silly get     etag: 'W/"59c33594-20237"',
154 silly get     age: '95',
154 silly get     connection: 'keep-alive',
154 silly get     'x-served-by': 'cache-ord1727-ORD',
154 silly get     'x-cache': 'HIT',
154 silly get     'x-cache-hits': '1',
154 silly get     'x-timer': 'S1507594564.022130,VS0,VE0',
154 silly get     vary: 'Accept-Encoding, Accept' } ]
155 verbose etag https://registry.npmjs.org/nan from cache
156 verbose get saving nan to /Users/davidhaas/.npm/registry.npmjs.org/nan/.cache.json
157 verbose correctMkdir /Users/davidhaas/.npm correctMkdir not in flight; initializing
158 silly resolveWithNewModule nan@2.7.0 checking installable status
159 silly cache add args [ 'nan@^2.3.5', null ]
160 verbose cache add spec nan@^2.3.5
161 silly cache add parsed spec Result {
161 silly cache add   raw: 'nan@^2.3.5',
161 silly cache add   scope: null,
161 silly cache add   escapedName: 'nan',
161 silly cache add   name: 'nan',
161 silly cache add   rawSpec: '^2.3.5',
161 silly cache add   spec: '>=2.3.5 <3.0.0',
161 silly cache add   type: 'range' }
162 silly addNamed nan@>=2.3.5 <3.0.0
163 verbose addNamed ">=2.3.5 <3.0.0" is a valid semver range for nan
164 silly addNameRange { name: 'nan', range: '>=2.3.5 <3.0.0', hasData: false }
165 silly mapToRegistry name nan
166 silly mapToRegistry using default registry
167 silly mapToRegistry registry https://registry.npmjs.org/
168 silly mapToRegistry data Result {
168 silly mapToRegistry   raw: 'nan',
168 silly mapToRegistry   scope: null,
168 silly mapToRegistry   escapedName: 'nan',
168 silly mapToRegistry   name: 'nan',
168 silly mapToRegistry   rawSpec: '',
168 silly mapToRegistry   spec: 'latest',
168 silly mapToRegistry   type: 'tag' }
169 silly mapToRegistry uri https://registry.npmjs.org/nan
170 verbose addNameRange registry:https://registry.npmjs.org/nan not in flight; fetching
171 verbose get https://registry.npmjs.org/nan not expired, no request
172 silly addNameRange number 2 { name: 'nan', range: '>=2.3.5 <3.0.0', hasData: true }
173 silly addNameRange versions [ 'nan',
173 silly addNameRange   [ '0.3.0-wip',
173 silly addNameRange     '0.3.0-wip2',
173 silly addNameRange     '0.3.0',
173 silly addNameRange     '0.3.1',
173 silly addNameRange     '0.3.2',
173 silly addNameRange     '0.4.0',
173 silly addNameRange     '0.4.1',
173 silly addNameRange     '0.4.2',
173 silly addNameRange     '0.4.3',
173 silly addNameRange     '0.4.4',
173 silly addNameRange     '0.5.0',
173 silly addNameRange     '0.5.1',
173 silly addNameRange     '0.5.2',
173 silly addNameRange     '0.6.0',
173 silly addNameRange     '0.7.0',
173 silly addNameRange     '0.7.1',
173 silly addNameRange     '0.8.0',
173 silly addNameRange     '1.0.0',
173 silly addNameRange     '1.1.0',
173 silly addNameRange     '1.1.1',
173 silly addNameRange     '1.1.2',
173 silly addNameRange     '1.2.0',
173 silly addNameRange     '1.3.0',
173 silly addNameRange     '1.4.0',
173 silly addNameRange     '1.4.1',
173 silly addNameRange     '1.5.0',
173 silly addNameRange     '1.4.2',
173 silly addNameRange     '1.4.3',
173 silly addNameRange     '1.5.1',
173 silly addNameRange     '1.5.2',
173 silly addNameRange     '1.6.0',
173 silly addNameRange     '1.5.3',
173 silly addNameRange     '1.6.1',
173 silly addNameRange     '1.6.2',
173 silly addNameRange     '1.7.0',
173 silly addNameRange     '1.8.0',
173 silly addNameRange     '1.8.1',
173 silly addNameRange     '1.8.2',
173 silly addNameRange     '1.8.3',
173 silly addNameRange     '1.8.4',
173 silly addNameRange     '1.9.0',
173 silly addNameRange     '2.0.0',
173 silly addNameRange     '2.0.1',
173 silly addNameRange     '2.0.2',
173 silly addNameRange     '2.0.3',
173 silly addNameRange     '2.0.4',
173 silly addNameRange     '2.0.5',
173 silly addNameRange     '2.0.6',
173 silly addNameRange     '2.0.7',
173 silly addNameRange     '2.0.8',
173 silly addNameRange     '2.0.9',
173 silly addNameRange     '2.1.0',
173 silly addNameRange     '2.2.0',
173 silly addNameRange     '2.2.1',
173 silly addNameRange     '2.3.0',
173 silly addNameRange     '2.3.1',
173 silly addNameRange     '2.3.2',
173 silly addNameRange     '2.3.3',
173 silly addNameRange     '2.3.4',
173 silly addNameRange     '2.3.5',
173 silly addNameRange     '2.4.0',
173 silly addNameRange     '2.5.0',
173 silly addNameRange     '2.5.1',
173 silly addNameRange     '2.6.0',
173 silly addNameRange     '2.6.1',
173 silly addNameRange     '2.6.2',
173 silly addNameRange     '2.7.0' ] ]
174 silly addNamed nan@2.7.0
175 verbose addNamed "2.7.0" is a plain semver version for nan
176 silly cache afterAdd nan@2.7.0
177 verbose afterAdd /Users/davidhaas/.npm/nan/2.7.0/package/package.json not in flight; writing
178 verbose correctMkdir /Users/davidhaas/.npm correctMkdir not in flight; initializing
179 verbose afterAdd /Users/davidhaas/.npm/nan/2.7.0/package/package.json written
180 silly loadAllDepsIntoIdealTree Finishing
181 silly loadIdealTree Finishing
182 silly currentTree lookup@1.0.0
182 silly currentTree ├── hoek@4.2.0
182 silly currentTree ├── isemail@2.2.1
182 silly currentTree ├── items@2.1.1
182 silly currentTree ├── joi@9.2.0
182 silly currentTree ├── moment@2.18.1
182 silly currentTree ├── node-async-loop@1.2.2
182 silly currentTree └── topo@2.0.2
183 silly idealTree lookup@1.0.0
183 silly idealTree ├── bindings@1.3.0
183 silly idealTree ├── hoek@4.2.0
183 silly idealTree ├── isemail@2.2.1
183 silly idealTree ├── items@2.1.1
183 silly idealTree ├── joi@9.2.0
183 silly idealTree ├── moment@2.18.1
183 silly idealTree ├── nan@2.7.0
183 silly idealTree ├── node-async-loop@1.2.2
183 silly idealTree ├── node-expat@2.3.16
183 silly idealTree ├── topo@2.0.2
183 silly idealTree └── xml2json@0.11.0
184 silly generateActionsToTake Starting
185 silly install generateActionsToTake
186 silly generateActionsToTake Finishing
187 silly diffTrees action count 4
188 silly diffTrees add bindings@1.3.0
189 silly diffTrees add nan@2.7.0
190 silly diffTrees add node-expat@2.3.16
191 silly diffTrees add xml2json@0.11.0
192 silly decomposeActions action count 32
193 silly decomposeActions fetch bindings@1.3.0
194 silly decomposeActions extract bindings@1.3.0
195 silly decomposeActions test bindings@1.3.0
196 silly decomposeActions preinstall bindings@1.3.0
197 silly decomposeActions build bindings@1.3.0
198 silly decomposeActions install bindings@1.3.0
199 silly decomposeActions postinstall bindings@1.3.0
200 silly decomposeActions finalize bindings@1.3.0
201 silly decomposeActions fetch nan@2.7.0
202 silly decomposeActions extract nan@2.7.0
203 silly decomposeActions test nan@2.7.0
204 silly decomposeActions preinstall nan@2.7.0
205 silly decomposeActions build nan@2.7.0
206 silly decomposeActions install nan@2.7.0
207 silly decomposeActions postinstall nan@2.7.0
208 silly decomposeActions finalize nan@2.7.0
209 silly decomposeActions fetch node-expat@2.3.16
210 silly decomposeActions extract node-expat@2.3.16
211 silly decomposeActions test node-expat@2.3.16
212 silly decomposeActions preinstall node-expat@2.3.16
213 silly decomposeActions build node-expat@2.3.16
214 silly decomposeActions install node-expat@2.3.16
215 silly decomposeActions postinstall node-expat@2.3.16
216 silly decomposeActions finalize node-expat@2.3.16
217 silly decomposeActions fetch xml2json@0.11.0
218 silly decomposeActions extract xml2json@0.11.0
219 silly decomposeActions test xml2json@0.11.0
220 silly decomposeActions preinstall xml2json@0.11.0
221 silly decomposeActions build xml2json@0.11.0
222 silly decomposeActions install xml2json@0.11.0
223 silly decomposeActions postinstall xml2json@0.11.0
224 silly decomposeActions finalize xml2json@0.11.0
225 silly runTopLevelLifecycles Starting
226 silly executeActions Starting
227 silly install executeActions
228 silly doSerial global-install 0
229 silly doParallel fetch 4
230 verbose correctMkdir /Users/davidhaas/.npm/_locks correctMkdir not in flight; initializing
231 verbose lock using /Users/davidhaas/.npm/_locks/staging-d326d75d30878efd.lock for /Users/davidhaas/Desktop/lookup/node_modules/.staging
232 silly doParallel extract 4
233 silly extract bindings@1.3.0
234 silly extract nan@2.7.0
235 silly extract node-expat@2.3.16
236 silly extract xml2json@0.11.0
237 verbose unbuild node_modules/.staging/bindings-3081717b
238 verbose unbuild node_modules/.staging/node-expat-02504746
239 verbose unbuild node_modules/.staging/nan-a65aa9ba
240 verbose unbuild node_modules/.staging/xml2json-8e070034
241 silly gentlyRm /Users/davidhaas/Desktop/lookup/node_modules/.staging/bindings-3081717b is being purged from base /Users/davidhaas/Desktop/lookup
242 verbose gentlyRm don't care about contents; nuking /Users/davidhaas/Desktop/lookup/node_modules/.staging/bindings-3081717b
243 silly gentlyRm /Users/davidhaas/Desktop/lookup/node_modules/.staging/node-expat-02504746 is being purged from base /Users/davidhaas/Desktop/lookup
244 verbose gentlyRm don't care about contents; nuking /Users/davidhaas/Desktop/lookup/node_modules/.staging/node-expat-02504746
245 silly gentlyRm /Users/davidhaas/Desktop/lookup/node_modules/.staging/nan-a65aa9ba is being purged from base /Users/davidhaas/Desktop/lookup
246 verbose gentlyRm don't care about contents; nuking /Users/davidhaas/Desktop/lookup/node_modules/.staging/nan-a65aa9ba
247 verbose tar unpack /Users/davidhaas/.npm/bindings/1.3.0/package.tgz
248 verbose tar unpacking to /Users/davidhaas/Desktop/lookup/node_modules/.staging/bindings-3081717b
249 silly gentlyRm /Users/davidhaas/Desktop/lookup/node_modules/.staging/bindings-3081717b is being purged
250 verbose gentlyRm don't care about contents; nuking /Users/davidhaas/Desktop/lookup/node_modules/.staging/bindings-3081717b
251 verbose tar unpack /Users/davidhaas/.npm/node-expat/2.3.16/package.tgz
252 verbose tar unpacking to /Users/davidhaas/Desktop/lookup/node_modules/.staging/node-expat-02504746
253 silly gentlyRm /Users/davidhaas/Desktop/lookup/node_modules/.staging/node-expat-02504746 is being purged
254 verbose gentlyRm don't care about contents; nuking /Users/davidhaas/Desktop/lookup/node_modules/.staging/node-expat-02504746
255 verbose tar unpack /Users/davidhaas/.npm/nan/2.7.0/package.tgz
256 verbose tar unpacking to /Users/davidhaas/Desktop/lookup/node_modules/.staging/nan-a65aa9ba
257 silly gentlyRm /Users/davidhaas/Desktop/lookup/node_modules/.staging/nan-a65aa9ba is being purged
258 verbose gentlyRm don't care about contents; nuking /Users/davidhaas/Desktop/lookup/node_modules/.staging/nan-a65aa9ba
259 silly gentlyRm /Users/davidhaas/Desktop/lookup/node_modules/.staging/xml2json-8e070034 is being purged from base /Users/davidhaas/Desktop/lookup
260 verbose gentlyRm don't care about contents; nuking /Users/davidhaas/Desktop/lookup/node_modules/.staging/xml2json-8e070034
261 silly gunzTarPerm modes [ '755', '644' ]
262 silly gunzTarPerm modes [ '755', '644' ]
263 silly gunzTarPerm modes [ '755', '644' ]
264 verbose tar unpack /Users/davidhaas/.npm/xml2json/0.11.0/package.tgz
265 verbose tar unpacking to /Users/davidhaas/Desktop/lookup/node_modules/.staging/xml2json-8e070034
266 silly gentlyRm /Users/davidhaas/Desktop/lookup/node_modules/.staging/xml2json-8e070034 is being purged
267 verbose gentlyRm don't care about contents; nuking /Users/davidhaas/Desktop/lookup/node_modules/.staging/xml2json-8e070034
268 silly gunzTarPerm modes [ '755', '644' ]
269 silly gunzTarPerm extractEntry package.json
270 silly gunzTarPerm extractEntry package.json
271 silly gunzTarPerm extractEntry package.json
272 silly gunzTarPerm modified mode [ 'package.json', 436, 420 ]
273 silly gunzTarPerm extractEntry package.json
274 silly gunzTarPerm extractEntry README.md
275 silly gunzTarPerm extractEntry bindings.js
276 silly gunzTarPerm extractEntry README.md
277 silly gunzTarPerm extractEntry LICENSE
278 silly gunzTarPerm extractEntry README.md
279 silly gunzTarPerm modified mode [ 'README.md', 436, 420 ]
280 silly gunzTarPerm extractEntry .npmignore
281 silly gunzTarPerm extractEntry README.md
282 silly gunzTarPerm extractEntry include_dirs.js
283 silly gunzTarPerm modified mode [ 'include_dirs.js', 436, 420 ]
284 silly gunzTarPerm extractEntry example.js
285 silly gunzTarPerm extractEntry index.js
286 silly gunzTarPerm extractEntry binding.gyp
287 silly gunzTarPerm extractEntry deps/libexpat/README
288 silly gunzTarPerm extractEntry nan_converters_43_inl.h
289 silly gunzTarPerm modified mode [ 'nan_converters_43_inl.h', 436, 420 ]
290 silly gunzTarPerm extractEntry LICENSE.md
291 silly gunzTarPerm modified mode [ 'LICENSE.md', 436, 420 ]
292 silly gunzTarPerm extractEntry doc/new.md
293 silly gunzTarPerm modified mode [ 'doc/new.md', 436, 420 ]
294 silly gunzTarPerm extractEntry doc/asyncworker.md
295 silly gunzTarPerm modified mode [ 'doc/asyncworker.md', 436, 420 ]
296 silly gunzTarPerm extractEntry t.js
297 silly gunzTarPerm extractEntry .travis.yml
298 silly gunzTarPerm extractEntry deps/libexpat/doc/expat.png
299 silly gunzTarPerm extractEntry doc/callback.md
300 silly gunzTarPerm modified mode [ 'doc/callback.md', 436, 420 ]
301 silly gunzTarPerm extractEntry doc/converters.md
302 silly gunzTarPerm modified mode [ 'doc/converters.md', 436, 420 ]
303 silly gunzTarPerm extractEntry AUTHORS
304 silly gunzTarPerm extractEntry lib/index.js
305 silly gunzTarPerm extractEntry deps/libexpat/doc/reference.html
306 silly gunzTarPerm extractEntry deps/libexpat/doc/style.css
307 silly gunzTarPerm extractEntry doc/errors.md
308 silly gunzTarPerm modified mode [ 'doc/errors.md', 436, 420 ]
309 silly gunzTarPerm extractEntry doc/json.md
310 silly gunzTarPerm modified mode [ 'doc/json.md', 436, 420 ]
311 silly gunzTarPerm extractEntry lib/json2xml.js
312 silly gunzTarPerm extractEntry lib/sanitize.js
313 silly gunzTarPerm extractEntry lib/xml2json.js
314 silly gunzTarPerm extractEntry .editorconfig
315 silly gunzTarPerm modified mode [ '.editorconfig', 436, 420 ]
316 silly gunzTarPerm extractEntry bin/xml2json
317 silly gunzTarPerm extractEntry test/.npmignore
318 silly gunzTarPerm extractEntry test/coerce-overhead.js
319 silly gunzTarPerm extractEntry test/test-reorder.js
320 silly gunzTarPerm extractEntry test/test-space.js
321 silly gunzTarPerm extractEntry test/test-xmlsanitize.js
322 silly gunzTarPerm extractEntry test/test.js
323 silly gunzTarPerm extractEntry test/fixtures/domain.xml
324 silly gunzTarPerm extractEntry test/fixtures/alternate-text-node-A.json
325 silly gunzTarPerm extractEntry test/fixtures/alternate-text-node-B.json
326 silly gunzTarPerm extractEntry test/fixtures/alternate-text-node-C.json
327 silly gunzTarPerm extractEntry test/fixtures/alternate-text-node-D.json
328 silly gunzTarPerm extractEntry test/fixtures/alternate-text-node-D.xml
329 silly gunzTarPerm extractEntry test/fixtures/array-notation.json
330 silly gunzTarPerm extractEntry test/fixtures/array-notation.xml
331 silly gunzTarPerm extractEntry test/fixtures/coerce.json
332 silly gunzTarPerm extractEntry test/fixtures/coerce.xml
333 silly gunzTarPerm extractEntry test/fixtures/domain-reversible.json
334 silly gunzTarPerm extractEntry test/fixtures/domain.json
335 silly gunzTarPerm extractEntry test/fixtures/alternate-text-node-A.xml
336 silly gunzTarPerm extractEntry test/fixtures/forceArray.json
337 silly gunzTarPerm extractEntry test/fixtures/forceArray.xml
338 silly gunzTarPerm extractEntry test/fixtures/large.json
339 silly gunzTarPerm extractEntry test/fixtures/large.xml
340 silly gunzTarPerm extractEntry test/fixtures/reorder.json
341 silly gunzTarPerm extractEntry test/fixtures/reorder.xml
342 silly gunzTarPerm extractEntry test/fixtures/spacetext.json
343 silly gunzTarPerm extractEntry test/fixtures/spacetext.xml
344 silly gunzTarPerm extractEntry test/fixtures/xmlsanitize.json
345 silly gunzTarPerm extractEntry test/fixtures/xmlsanitize.xml
346 silly gunzTarPerm extractEntry test/fixtures/xmlsanitize2.json
347 silly gunzTarPerm extractEntry test/fixtures/xmlsanitize2.xml
348 silly gunzTarPerm extractEntry deps/libexpat/doc/valid-xhtml10.png
349 silly gunzTarPerm extractEntry deps/libexpat/doc/xmlwf.1
350 silly gunzTarPerm extractEntry doc/maybe_types.md
351 silly gunzTarPerm modified mode [ 'doc/maybe_types.md', 436, 420 ]
352 silly gunzTarPerm extractEntry doc/methods.md
353 silly gunzTarPerm modified mode [ 'doc/methods.md', 436, 420 ]
354 silly gentlyRm /Users/davidhaas/Desktop/lookup/node_modules/.staging/bindings-3081717b/node_modules is being purged
355 verbose gentlyRm don't care about contents; nuking /Users/davidhaas/Desktop/lookup/node_modules/.staging/bindings-3081717b/node_modules
356 silly gunzTarPerm extractEntry doc/buffers.md
357 silly gunzTarPerm modified mode [ 'doc/buffers.md', 436, 420 ]
358 silly gunzTarPerm extractEntry doc/node_misc.md
359 silly gunzTarPerm modified mode [ 'doc/node_misc.md', 436, 420 ]
360 silly gunzTarPerm extractEntry deps/libexpat/doc/xmlwf.xml
361 silly gunzTarPerm extractEntry deps/libexpat/CMakeLists.txt
362 silly gunzTarPerm extractEntry doc/object_wrappers.md
363 silly gunzTarPerm modified mode [ 'doc/object_wrappers.md', 436, 420 ]
364 silly gunzTarPerm extractEntry doc/persistent.md
365 silly gunzTarPerm modified mode [ 'doc/persistent.md', 436, 420 ]
366 silly gunzTarPerm extractEntry deps/libexpat/COPYING
367 silly gunzTarPerm extractEntry deps/libexpat/Changes
368 silly gunzTarPerm extractEntry deps/libexpat/ConfigureChecks.cmake
369 silly gunzTarPerm extractEntry deps/libexpat/MANIFEST
370 silly gunzTarPerm extractEntry deps/libexpat/Makefile.in
371 silly gunzTarPerm extractEntry deps/libexpat/AUTHORS
372 silly gunzTarPerm extractEntry doc/scopes.md
373 silly gunzTarPerm modified mode [ 'doc/scopes.md', 436, 420 ]
374 silly gunzTarPerm extractEntry deps/libexpat/aclocal.m4
375 silly gunzTarPerm extractEntry deps/libexpat/configure
376 silly gunzTarPerm extractEntry doc/script.md
377 silly gunzTarPerm modified mode [ 'doc/script.md', 436, 420 ]
378 silly gunzTarPerm extractEntry doc/string_bytes.md
379 silly gunzTarPerm modified mode [ 'doc/string_bytes.md', 436, 420 ]
380 silly gunzTarPerm extractEntry doc/v8_internals.md
381 silly gunzTarPerm modified mode [ 'doc/v8_internals.md', 436, 420 ]
382 silly gunzTarPerm extractEntry doc/v8_misc.md
383 silly gunzTarPerm modified mode [ 'doc/v8_misc.md', 436, 420 ]
384 silly gunzTarPerm extractEntry nan.h
385 silly gunzTarPerm modified mode [ 'nan.h', 436, 420 ]
386 silly gunzTarPerm extractEntry nan_callbacks.h
387 silly gunzTarPerm modified mode [ 'nan_callbacks.h', 436, 420 ]
388 silly gunzTarPerm extractEntry deps/libexpat/configure.ac
389 silly gunzTarPerm extractEntry nan_callbacks_12_inl.h
390 silly gunzTarPerm modified mode [ 'nan_callbacks_12_inl.h', 436, 420 ]
391 silly gunzTarPerm extractEntry nan_callbacks_pre_12_inl.h
392 silly gunzTarPerm modified mode [ 'nan_callbacks_pre_12_inl.h', 436, 420 ]
393 silly gunzTarPerm extractEntry nan_converters.h
394 silly gunzTarPerm modified mode [ 'nan_converters.h', 436, 420 ]
395 silly gunzTarPerm extractEntry nan_converters_pre_43_inl.h
396 silly gunzTarPerm modified mode [ 'nan_converters_pre_43_inl.h', 436, 420 ]
397 silly gunzTarPerm extractEntry deps/libexpat/conftools/PrintPath
398 silly gunzTarPerm extractEntry deps/libexpat/conftools/ac_c_bigendian_cross.m4
399 silly gunzTarPerm extractEntry nan_implementation_12_inl.h
400 silly gunzTarPerm modified mode [ 'nan_implementation_12_inl.h', 436, 420 ]
401 silly gunzTarPerm extractEntry nan_implementation_pre_12_inl.h
402 silly gunzTarPerm modified mode [ 'nan_implementation_pre_12_inl.h', 436, 420 ]
403 silly gunzTarPerm extractEntry nan_json.h
404 silly gunzTarPerm modified mode [ 'nan_json.h', 436, 420 ]
405 silly gunzTarPerm extractEntry deps/libexpat/conftools/config.guess
406 silly gunzTarPerm extractEntry nan_maybe_43_inl.h
407 silly gunzTarPerm modified mode [ 'nan_maybe_43_inl.h', 436, 420 ]
408 silly gunzTarPerm extractEntry deps/libexpat/conftools/config.sub
409 silly gunzTarPerm extractEntry deps/libexpat/conftools/expat.m4
410 silly gunzTarPerm extractEntry nan_maybe_pre_43_inl.h
411 silly gunzTarPerm modified mode [ 'nan_maybe_pre_43_inl.h', 436, 420 ]
412 silly gunzTarPerm extractEntry nan_new.h
413 silly gunzTarPerm modified mode [ 'nan_new.h', 436, 420 ]
414 silly gunzTarPerm extractEntry deps/libexpat/conftools/get-version.sh
415 silly gunzTarPerm extractEntry deps/libexpat/conftools/install-sh
416 silly gunzTarPerm extractEntry deps/libexpat/conftools/ltmain.sh
417 silly gunzTarPerm extractEntry nan_object_wrap.h
418 silly gunzTarPerm modified mode [ 'nan_object_wrap.h', 436, 420 ]
419 silly gunzTarPerm extractEntry nan_persistent_12_inl.h
420 silly gunzTarPerm modified mode [ 'nan_persistent_12_inl.h', 436, 420 ]
421 silly gunzTarPerm extractEntry nan_persistent_pre_12_inl.h
422 silly gunzTarPerm modified mode [ 'nan_persistent_pre_12_inl.h', 436, 420 ]
423 silly gunzTarPerm extractEntry nan_private.h
424 silly gunzTarPerm modified mode [ 'nan_private.h', 436, 420 ]
425 silly gunzTarPerm extractEntry deps/libexpat/conftools/mkinstalldirs
426 silly gunzTarPerm extractEntry nan_string_bytes.h
427 silly gunzTarPerm modified mode [ 'nan_string_bytes.h', 436, 420 ]
428 silly gunzTarPerm extractEntry nan_typedarray_contents.h
429 silly gunzTarPerm modified mode [ 'nan_typedarray_contents.h', 436, 420 ]
430 silly gunzTarPerm extractEntry deps/libexpat/CMake.README
431 silly gunzTarPerm extractEntry deps/libexpat/examples/elements.c
432 silly gunzTarPerm extractEntry nan_weak.h
433 silly gunzTarPerm modified mode [ 'nan_weak.h', 436, 420 ]
434 silly gunzTarPerm extractEntry CHANGELOG.md
435 silly gunzTarPerm modified mode [ 'CHANGELOG.md', 436, 420 ]
436 silly gunzTarPerm extractEntry deps/libexpat/examples/outline.c
437 silly gunzTarPerm extractEntry deps/libexpat/expat.pc.in
438 silly gunzTarPerm extractEntry tools/package.json
439 silly gunzTarPerm modified mode [ 'tools/package.json', 436, 420 ]
440 silly gunzTarPerm extractEntry tools/README.md
441 silly gunzTarPerm modified mode [ 'tools/README.md', 436, 420 ]
442 silly gunzTarPerm extractEntry deps/libexpat/expat_config.h
443 silly gunzTarPerm extractEntry deps/libexpat/expat_config.h.cmake
444 silly gunzTarPerm extractEntry deps/libexpat/expat_config.h.in
445 silly gunzTarPerm extractEntry tools/1to2.js
446 silly gunzTarPerm modified mode [ 'tools/1to2.js', 509, 493 ]
447 silly gunzTarPerm extractEntry deps/libexpat/lib/siphash.h
448 silly gunzTarPerm extractEntry deps/libexpat/lib/ascii.h
449 silly gunzTarPerm extractEntry deps/libexpat/lib/expat.h
450 silly gunzTarPerm extractEntry deps/libexpat/lib/expat_external.h
451 silly gunzTarPerm extractEntry deps/libexpat/lib/iasciitab.h
452 silly gunzTarPerm extractEntry deps/libexpat/lib/internal.h
453 silly gunzTarPerm extractEntry deps/libexpat/lib/latin1tab.h
454 silly gunzTarPerm extractEntry deps/libexpat/lib/libexpat.def
455 silly gunzTarPerm extractEntry deps/libexpat/lib/libexpatw.def
456 silly gunzTarPerm extractEntry deps/libexpat/lib/nametab.h
457 silly gunzTarPerm extractEntry deps/libexpat/lib/asciitab.h
458 silly gunzTarPerm extractEntry deps/libexpat/lib/utf8tab.h
459 silly gunzTarPerm extractEntry deps/libexpat/lib/winconfig.h
460 silly gunzTarPerm extractEntry deps/libexpat/lib/xmlparse.c
461 silly gunzTarPerm extractEntry deps/libexpat/lib/xmlrole.c
462 silly gunzTarPerm extractEntry deps/libexpat/lib/xmlrole.h
463 silly gunzTarPerm extractEntry deps/libexpat/lib/xmltok.c
464 silly gunzTarPerm extractEntry deps/libexpat/lib/xmltok.h
465 silly gunzTarPerm extractEntry deps/libexpat/lib/xmltok_impl.c
466 silly gunzTarPerm extractEntry deps/libexpat/lib/xmltok_impl.h
467 silly gunzTarPerm extractEntry deps/libexpat/lib/xmltok_ns.c
468 silly gunzTarPerm extractEntry deps/libexpat/libexpat.gyp
469 silly gunzTarPerm extractEntry deps/libexpat/m4/libtool.m4
470 silly gunzTarPerm extractEntry deps/libexpat/m4/ltoptions.m4
471 silly gunzTarPerm extractEntry deps/libexpat/m4/ltsugar.m4
472 silly gunzTarPerm extractEntry deps/libexpat/m4/ltversion.m4
473 silly gunzTarPerm extractEntry deps/libexpat/m4/lt~obsolete.m4
474 silly gunzTarPerm extractEntry deps/libexpat/run.sh.in
475 silly gunzTarPerm extractEntry deps/libexpat/tests/memcheck.h
476 silly gunzTarPerm extractEntry deps/libexpat/tests/README.txt
477 silly gunzTarPerm extractEntry deps/libexpat/tests/chardata.c
478 silly gunzTarPerm extractEntry deps/libexpat/tests/chardata.h
479 silly gunzTarPerm extractEntry deps/libexpat/tests/memcheck.c
480 silly gunzTarPerm extractEntry deps/libexpat/tests/benchmark/README.txt
481 silly gunzTarPerm extractEntry deps/libexpat/tests/benchmark/benchmark.c
482 silly gunzTarPerm extractEntry deps/libexpat/tests/minicheck.c
483 silly gunzTarPerm extractEntry deps/libexpat/tests/minicheck.h
484 silly gunzTarPerm extractEntry deps/libexpat/tests/runtests.c
485 silly gunzTarPerm extractEntry deps/libexpat/tests/runtestspp.cpp
486 silly gunzTarPerm extractEntry deps/libexpat/tests/xmltest.sh
487 silly gunzTarPerm extractEntry deps/libexpat/win32/MANIFEST.txt
488 silly gunzTarPerm extractEntry deps/libexpat/win32/README.txt
489 silly gunzTarPerm extractEntry deps/libexpat/win32/expat.iss
490 silly gunzTarPerm extractEntry deps/libexpat/xmlwf/xmlfile.c
491 silly gunzTarPerm extractEntry deps/libexpat/xmlwf/codepage.c
492 silly gunzTarPerm extractEntry deps/libexpat/xmlwf/ct.c
493 silly gunzTarPerm extractEntry deps/libexpat/xmlwf/filemap.h
494 silly gunzTarPerm extractEntry deps/libexpat/xmlwf/readfilemap.c
495 silly gunzTarPerm extractEntry deps/libexpat/xmlwf/unixfilemap.c
496 silly gunzTarPerm extractEntry deps/libexpat/xmlwf/win32filemap.c
497 silly gunzTarPerm extractEntry deps/libexpat/xmlwf/codepage.h
498 silly gunzTarPerm extractEntry deps/libexpat/xmlwf/xmlfile.h
499 silly gunzTarPerm extractEntry deps/libexpat/xmlwf/xmlmime.c
500 silly gunzTarPerm extractEntry deps/libexpat/xmlwf/xmlmime.h
501 silly gunzTarPerm extractEntry deps/libexpat/xmlwf/xmltchar.h
502 silly gunzTarPerm extractEntry deps/libexpat/xmlwf/xmlurl.h
503 silly gunzTarPerm extractEntry deps/libexpat/xmlwf/xmlwf.c
504 silly gunzTarPerm extractEntry deps/libexpat/xmlwf/xmlwin32url.cxx
505 silly gunzTarPerm extractEntry lib/node-expat.js
506 silly gunzTarPerm extractEntry node-expat.cc
507 silly gunzTarPerm extractEntry yarn.lock
508 silly gentlyRm /Users/davidhaas/Desktop/lookup/node_modules/.staging/xml2json-8e070034/node_modules is being purged
509 verbose gentlyRm don't care about contents; nuking /Users/davidhaas/Desktop/lookup/node_modules/.staging/xml2json-8e070034/node_modules
510 silly gentlyRm /Users/davidhaas/Desktop/lookup/node_modules/.staging/nan-a65aa9ba/node_modules is being purged
511 verbose gentlyRm don't care about contents; nuking /Users/davidhaas/Desktop/lookup/node_modules/.staging/nan-a65aa9ba/node_modules
512 silly gentlyRm /Users/davidhaas/Desktop/lookup/node_modules/.staging/node-expat-02504746/node_modules is being purged
513 verbose gentlyRm don't care about contents; nuking /Users/davidhaas/Desktop/lookup/node_modules/.staging/node-expat-02504746/node_modules
514 silly doParallel preinstall 4
515 silly preinstall bindings@1.3.0 /Users/davidhaas/Desktop/lookup/node_modules/.staging/bindings-3081717b
516 info lifecycle bindings@1.3.0~preinstall: bindings@1.3.0
517 silly preinstall nan@2.7.0 /Users/davidhaas/Desktop/lookup/node_modules/.staging/nan-a65aa9ba
518 info lifecycle nan@2.7.0~preinstall: nan@2.7.0
519 silly preinstall node-expat@2.3.16 /Users/davidhaas/Desktop/lookup/node_modules/.staging/node-expat-02504746
520 info lifecycle node-expat@2.3.16~preinstall: node-expat@2.3.16
521 silly preinstall xml2json@0.11.0 /Users/davidhaas/Desktop/lookup/node_modules/.staging/xml2json-8e070034
522 info lifecycle xml2json@0.11.0~preinstall: xml2json@0.11.0
523 silly lifecycle bindings@1.3.0~preinstall: no script for preinstall, continuing
524 silly lifecycle nan@2.7.0~preinstall: no script for preinstall, continuing
525 silly lifecycle xml2json@0.11.0~preinstall: no script for preinstall, continuing
526 silly lifecycle node-expat@2.3.16~preinstall: no script for preinstall, continuing
527 silly doReverseSerial remove 0
528 silly doSerial move 0
529 silly doSerial finalize 4
530 silly finalize /Users/davidhaas/Desktop/lookup/node_modules/bindings
531 silly finalize /Users/davidhaas/Desktop/lookup/node_modules/nan
532 silly finalize /Users/davidhaas/Desktop/lookup/node_modules/node-expat
533 silly finalize /Users/davidhaas/Desktop/lookup/node_modules/xml2json
534 silly doSerial build 4
535 silly build bindings@1.3.0
536 info linkStuff bindings@1.3.0
537 silly linkStuff bindings@1.3.0 has /Users/davidhaas/Desktop/lookup/node_modules as its parent node_modules
538 verbose linkBins bindings@1.3.0
539 verbose linkMans bindings@1.3.0
540 silly build nan@2.7.0
541 info linkStuff nan@2.7.0
542 silly linkStuff nan@2.7.0 has /Users/davidhaas/Desktop/lookup/node_modules as its parent node_modules
543 verbose linkBins nan@2.7.0
544 verbose linkMans nan@2.7.0
545 silly build node-expat@2.3.16
546 info linkStuff node-expat@2.3.16
547 silly linkStuff node-expat@2.3.16 has /Users/davidhaas/Desktop/lookup/node_modules as its parent node_modules
548 verbose linkBins node-expat@2.3.16
549 verbose linkMans node-expat@2.3.16
550 silly build xml2json@0.11.0
551 info linkStuff xml2json@0.11.0
552 silly linkStuff xml2json@0.11.0 has /Users/davidhaas/Desktop/lookup/node_modules as its parent node_modules
553 verbose linkBins xml2json@0.11.0
554 verbose link bins [ { xml2json: 'bin/xml2json' },
554 verbose link bins   '/Users/davidhaas/Desktop/lookup/node_modules/.bin',
554 verbose link bins   false ]
555 verbose linkMans xml2json@0.11.0
556 silly doSerial global-link 0
557 silly doParallel update-linked 0
558 silly doSerial install 4
559 silly install bindings@1.3.0 /Users/davidhaas/Desktop/lookup/node_modules/.staging/bindings-3081717b
560 info lifecycle bindings@1.3.0~install: bindings@1.3.0
561 silly lifecycle bindings@1.3.0~install: no script for install, continuing
562 silly install nan@2.7.0 /Users/davidhaas/Desktop/lookup/node_modules/.staging/nan-a65aa9ba
563 info lifecycle nan@2.7.0~install: nan@2.7.0
564 silly lifecycle nan@2.7.0~install: no script for install, continuing
565 silly install node-expat@2.3.16 /Users/davidhaas/Desktop/lookup/node_modules/.staging/node-expat-02504746
566 info lifecycle node-expat@2.3.16~install: node-expat@2.3.16
567 verbose lifecycle node-expat@2.3.16~install: unsafe-perm in lifecycle true
568 verbose lifecycle node-expat@2.3.16~install: PATH: /usr/local/lib/node_modules/npm/bin/node-gyp-bin:/Users/davidhaas/Desktop/lookup/node_modules/node-expat/node_modules/.bin:/Users/davidhaas/Desktop/lookup/node_modules/.bin:/usr/local/bin:/usr/bin:/bin:/usr/sbin:/sbin
569 verbose lifecycle node-expat@2.3.16~install: CWD: /Users/davidhaas/Desktop/lookup/node_modules/node-expat
570 silly lifecycle node-expat@2.3.16~install: Args: [ '-c', 'node-gyp rebuild' ]
571 silly lifecycle node-expat@2.3.16~install: Returned: code: 1  signal: null
572 info lifecycle node-expat@2.3.16~install: Failed to exec install script
573 verbose unlock done using /Users/davidhaas/.npm/_locks/staging-d326d75d30878efd.lock for /Users/davidhaas/Desktop/lookup/node_modules/.staging
574 silly rollbackFailedOptional Starting
575 silly rollbackFailedOptional Finishing
576 silly runTopLevelLifecycles Finishing
577 silly install printInstalled
578 warn lookup@1.0.0 No repository field.
579 verbose If you need help, you may report this error at:
579 verbose     <https://github.com/npm/npm/issues>
580 verbose stack Error: node-expat@2.3.16 install: `node-gyp rebuild`
580 verbose stack Exit status 1
580 verbose stack     at EventEmitter.<anonymous> (/usr/local/lib/node_modules/npm/lib/utils/lifecycle.js:255:16)
580 verbose stack     at emitTwo (events.js:106:13)
580 verbose stack     at EventEmitter.emit (events.js:191:7)
580 verbose stack     at ChildProcess.<anonymous> (/usr/local/lib/node_modules/npm/lib/utils/spawn.js:40:14)
580 verbose stack     at emitTwo (events.js:106:13)
580 verbose stack     at ChildProcess.emit (events.js:191:7)
580 verbose stack     at maybeClose (internal/child_process.js:886:16)
580 verbose stack     at Process.ChildProcess._handle.onexit (internal/child_process.js:226:5)
581 verbose pkgid node-expat@2.3.16
582 verbose cwd /Users/davidhaas/Desktop/lookup
583 error Darwin 16.7.0
584 error argv "/usr/local/bin/node" "/usr/local/bin/npm" "install" "xml2json"
585 error node v6.10.2
586 error npm  v3.10.10
587 error code ELIFECYCLE
588 error node-expat@2.3.16 install: `node-gyp rebuild`
588 error Exit status 1
589 error Failed at the node-expat@2.3.16 install script 'node-gyp rebuild'.
589 error Make sure you have the latest version of node.js and npm installed.
589 error If you do, this is most likely a problem with the node-expat package,
589 error not with npm itself.
589 error Tell the author that this fails on your system:
589 error     node-gyp rebuild
589 error You can get information on how to open an issue for this project with:
589 error     npm bugs node-expat
589 error Or if that isn't available, you can get their info via:
589 error     npm owner ls node-expat
589 error There is likely additional logging output above.
590 verbose exit [ 1, true ]
